app/build/outputs/mapping/debug/seeds.txt
aditya.rupal.translate.orcandtext.DrawerActivity
aditya.rupal.translate.orcandtext.DrawerActivity: DrawerActivity()
aditya.rupal.translate.orcandtext.application.ApplicationActivity
aditya.rupal.translate.orcandtext.application.ApplicationActivity: ApplicationActivity()
aditya.rupal.translate.orcandtext.behavior.AppBarLayoutBehavior
aditya.rupal.translate.orcandtext.behavior.AppBarLayoutBehavior: AppBarLayoutBehavior()
aditya.rupal.translate.orcandtext.behavior.AppBarLayoutBehavior: AppBarLayoutBehavior(android.content.Context,android.util.AttributeSet)
aditya.rupal.translate.orcandtext.views.SansFontCollapsingToolbarLayout
aditya.rupal.translate.orcandtext.views.SansFontCollapsingToolbarLayout: SansFontCollapsingToolbarLayout(android.content.Context)
aditya.rupal.translate.orcandtext.views.SansFontCollapsingToolbarLayout: SansFontCollapsingToolbarLayout(android.content.Context,android.util.AttributeSet)
aditya.rupal.translate.orcandtext.views.SansFontCollapsingToolbarLayout: SansFontCollapsingToolbarLayout(android.content.Context,android.util.AttributeSet,int)
aditya.rupal.translate.orcandtext.views.SquareImageView
aditya.rupal.translate.orcandtext.views.SquareImageView: SquareImageView(android.content.Context)
aditya.rupal.translate.orcandtext.views.SquareImageView: SquareImageView(android.content.Context,android.util.AttributeSet)
aditya.rupal.translate.orcandtext.views.SquareImageView: SquareImageView(android.content.Context,android.util.AttributeSet,int)
...
android.support.v4.widget.SlidingPaneLayout$SavedState: android.os.Parcelable$Creator CREATOR
android.support.v7.app.AlertController$RecycleListView
android.support.v7.app.AlertController$RecycleListView: AlertController$RecycleListView(android.content.Context)
android.support.v7.app.AlertController$RecycleListView: AlertController$RecycleListView(android.content.Context,android.util.AttributeSet)
android.support.v7.app.AppCompatActivity: AppCompatActivity()
android.support.v7.app.AppCompatDelegateImpl$PanelFeatureState$SavedState: android.os.Parcelable$Creator CREATOR
android.support.v7.app.AppCompatViewInflater
android.support.v7.view.menu.ActionMenuItemView
android.support.v7.view.menu.ActionMenuItemView: ActionMenuItemView(android.content.Context)
android.support.v7.view.menu.ActionMenuItemView: ActionMenuItemView(android.content.Context,android.util.AttributeSet)
android.support.v7.view.menu.ActionMenuItemView: ActionMenuItemView(android.content.Context,android.util.AttributeSet,int)
android.support.v7.view.menu.ExpandedMenuView
android.support.v7.view.menu.ExpandedMenuView: ExpandedMenuView(android.content.Context,android.util.AttributeSet)
android.support.v7.view.menu.ExpandedMenuView: ExpandedMenuView(android.content.Context,android.util.AttributeSet,int)
android.support.v7.view.menu.ListMenuItemView
android.support.v7.view.menu.ListMenuItemView: ListMenuItemView(android.content.Context,android.util.AttributeSet)
android.support.v7.view.menu.ListMenuItemView: ListMenuItemView(android.content.Context,android.util.AttributeSet,int)
android.support.v7.widget.AbsActionBarView: AbsActionBarView(android.content.Context)
android.support.v7.widget.AbsActionBarView: AbsActionBarView(android.content.Context,android.util.AttributeSet)
android.support.v7.widget.AbsActionBarView: AbsActionBarView(android.content.Context,android.util.AttributeSet,int)
android.support.v7.widget.ActionBarContainer
android.support.v7.widget.ActionBarContainer: ActionBarContainer(android.content.Context)
android.support.v7.widget.ActionBarContainer: ActionBarContainer(android.content.Context,android.util.AttributeSet)
android.support.v7.widget.ActionBarContextView
android.support.v7.widget.ActionBarContextView: ActionBarContextView(android.content.Context)
android.support.v7.widget.ActionBarContextView: ActionBarContextView(android.content.Context,android.util.AttributeSet)
android.support.v7.widget.ActionBarContextView: ActionBarContextView(android.content.Context,android.util.AttributeSet,int)
android.support.v7.widget.ActionBarOverlayLayout
android.support.v7.widget.ActionBarOverlayLayout: ActionBarOverlayLayout(android.content.Context)
android.support.v7.widget.ActionBarOverlayLayout: ActionBarOverlayLayout(android.content.Context,android.util.AttributeSet)
android.support.v7.widget.ActionMenuPresenter$SavedState: android.os.Parcelable$Creator CREATOR
android.support.v7.widget.ActionMenuView
android.support.v7.widget.ActionMenuView: ActionMenuView(android.content.Context)
android.support.v7.widget.ActionMenuView: ActionMenuView(android.content.Context,android.util.AttributeSet)
android.support.v7.widget.ActivityChooserView$InnerLayout
android.support.v7.widget.ActivityChooserView$InnerLayout: ActivityChooserView$InnerLayout(android.content.Context,android.util.AttributeSet)
android.support.v7.widget.AlertDialogLayout
android.support.v7.widget.AlertDialogLayout: AlertDialogLayout(android.content.Context)
android.support.v7.widget.AlertDialogLayout: AlertDialogLayout(android.content.Context,android.util.AttributeSet)
android.support.v7.widget.AppCompatAutoCompleteTextView: AppCompatAutoCompleteTextView(android.content.Context)
android.support.v7.widget.AppCompatAutoCompleteTextView: AppCompatAutoCompleteTextView(android.content.Context,android.util.AttributeSet)
android.support.v7.widget.AppCompatAutoCompleteTextView: AppCompatAutoCompleteTextView(android.content.Context,android.util.AttributeSet,int)