app/build/outputs/mapping/debug/mapping.txt
aditya.rupal.translate.orcandtext.DrawerActivity -> aditya.rupal.translate.orcandtext.DrawerActivity:
    aditya.rupal.translate.orcandtext.utils.ImageUtils imageutils -> a
    android.widget.ImageView sq -> m
    android.support.v7.widget.RecyclerView mRecyclerView -> n
    aditya.rupal.translate.orcandtext.adapter.TranslationRecyclerAdapter mAdapter -> b
    int com -> c
    com.android.volley.RequestQueue requestQueue -> d
    java.util.ArrayList result -> e
    android.widget.LinearLayout fragOCR -> o
    android.widget.LinearLayout fragTrans -> p
    android.support.v7.widget.Toolbar mToolbar -> q
    android.widget.Spinner spinner -> r
    android.widget.Spinner firstSpinner -> f
    android.widget.Spinner lastSpinner -> g
    android.widget.Button translateTextButton -> s
    android.widget.EditText transQuery -> h
    android.widget.TextView transAns -> i
    java.util.Map languages -> j
    void <init>() -> <init>
    void onRequestPermissionsResult(int,java.lang.String[],int[]) -> onRequestPermissionsResult
    void image_attachment$638238af(java.lang.String,android.graphics.Bitmap) -> a
    void onActivityResult(int,int,android.content.Intent) -> onActivityResult
    void onCreate(android.os.Bundle) -> onCreate
    void onBackPressed() -> onBackPressed
    boolean onCreateOptionsMenu(android.view.Menu) -> onCreateOptionsMenu
    boolean onOptionsItemSelected(android.view.MenuItem) -> onOptionsItemSelected
aditya.rupal.translate.orcandtext.DrawerActivity$1 -> aditya.rupal.translate.orcandtext.a:
    aditya.rupal.translate.orcandtext.DrawerActivity this$0 -> a
    void <init>(aditya.rupal.translate.orcandtext.DrawerActivity) -> <init>
    int compare(java.lang.Object,java.lang.Object) -> compare
aditya.rupal.translate.orcandtext.DrawerActivity$2 -> aditya.rupal.translate.orcandtext.b:
    aditya.rupal.translate.orcandtext.DrawerActivity this$0 -> a
    void <init>(aditya.rupal.translate.orcandtext.DrawerActivity) -> <init>
    void onResponse(java.lang.Object) -> a
aditya.rupal.translate.orcandtext.DrawerActivity$3 -> aditya.rupal.translate.orcandtext.c:
    void <init>(aditya.rupal.translate.orcandtext.DrawerActivity) -> <init>
    void onErrorResponse(com.android.volley.VolleyError) -> a
aditya.rupal.translate.orcandtext.DrawerActivity$4 -> aditya.rupal.translate.orcandtext.d:
    aditya.rupal.translate.orcandtext.DrawerActivity this$0 -> a
    void <init>(aditya.rupal.translate.orcandtext.DrawerActivity) -> <init>
    void onClick(android.view.View) -> onClick
aditya.rupal.translate.orcandtext.DrawerActivity$5 -> aditya.rupal.translate.orcandtext.e:
    aditya.rupal.translate.orcandtext.DrawerActivity this$0 -> a
    void <init>(aditya.rupal.translate.orcandtext.DrawerActivity) -> <init>
    void onClick(android.view.View) -> onClick
aditya.rupal.translate.orcandtext.DrawerActivity$5$1 -> aditya.rupal.translate.orcandtext.f:
    aditya.rupal.translate.orcandtext.DrawerActivity$5 this$1 -> a
    void <init>(aditya.rupal.translate.orcandtext.DrawerActivity$5) -> <init>
    void onResponse(java.lang.Object) -> a
aditya.rupal.translate.orcandtext.DrawerActivity$5$2 -> aditya.rupal.translate.orcandtext.g:
    void <init>(aditya.rupal.translate.orcandtext.DrawerActivity$5) -> <init>
    void onErrorResponse(com.android.volley.VolleyError) -> a
aditya.rupal.translate.orcandtext.adapter.TranslationRecyclerAdapter -> aditya.rupal.translate.orcandtext.a.a:
    android.content.Context context -> a
    java.util.ArrayList list -> b
    void <init>(android.content.Context,java.util.ArrayList) -> <init>
    int getItemCount() -> a
    void onBindViewHolder(android.support.v7.widget.RecyclerView$ViewHolder,int) -> a
    android.support.v7.widget.RecyclerView$ViewHolder onCreateViewHolder(android.view.ViewGroup,int) -> a
...
android.arch.lifecycle.LiveData$ObserverWrapper -> android.arch.lifecycle.p:
    android.arch.lifecycle.Observer mObserver -> a
    boolean mActive -> b
    int mLastVersion -> c
    android.arch.lifecycle.LiveData this$0 -> d
    boolean shouldBeActive() -> a
    void detachObserver() -> b
    void activeStateChanged(boolean) -> a
android.arch.lifecycle.MutableLiveData -> android.arch.lifecycle.q:
    void <init>() -> <init>
    void setValue(java.lang.Object) -> a
android.arch.lifecycle.Observer -> android.arch.lifecycle.r:
    void onChanged(java.lang.Object) -> a
android.arch.lifecycle.ReflectiveGenericLifecycleObserver -> android.arch.lifecycle.ReflectiveGenericLifecycleObserver:
    java.lang.Object mWrapped -> a
    android.arch.lifecycle.ClassesInfoCache$CallbackInfo mInfo -> b
    void onStateChanged(android.arch.lifecycle.LifecycleOwner,android.arch.lifecycle.Lifecycle$Event) -> a
android.arch.lifecycle.ReportFragment -> android.arch.lifecycle.s:
    android.arch.lifecycle.GeneratedAdapter mProcessListener$2df004aa -> a
    void <init>() -> <init>
    void injectIfNeededIn(android.app.Activity) -> a
    void onActivityCreated(android.os.Bundle) -> onActivityCreated
    void onStart() -> onStart
    void onResume() -> onResume
    void onPause() -> onPause
    void onStop() -> onStop
    void onDestroy() -> onDestroy
    void dispatch(android.arch.lifecycle.Lifecycle$Event) -> a
android.arch.lifecycle.SingleGeneratedAdapterObserver -> android.arch.lifecycle.SingleGeneratedAdapterObserver:
    void onStateChanged(android.arch.lifecycle.LifecycleOwner,android.arch.lifecycle.Lifecycle$Event) -> a
android.arch.lifecycle.ViewModel -> android.arch.lifecycle.t:
    void <init>() -> <init>
    void onCleared() -> a
android.arch.lifecycle.ViewModelProvider -> android.arch.lifecycle.u:
    android.arch.lifecycle.ViewModelProvider$Factory mFactory -> a
    android.arch.lifecycle.ViewModelStore mViewModelStore -> b
    void <init>(android.arch.lifecycle.ViewModelStore,android.arch.lifecycle.ViewModelProvider$Factory) -> <init>
    android.arch.lifecycle.ViewModel get(java.lang.Class) -> a
android.arch.lifecycle.ViewModelProvider$Factory -> android.arch.lifecycle.v:
    android.arch.lifecycle.ViewModel create$5f629f09() -> a
android.arch.lifecycle.ViewModelStore -> android.arch.lifecycle.w:
    java.util.HashMap mMap -> a
    void <init>() -> <init>
    void put(java.lang.String,android.arch.lifecycle.ViewModel) -> a
    android.arch.lifecycle.ViewModel get(java.lang.String) -> a
    void clear() -> a
android.arch.lifecycle.ViewModelStoreOwner -> android.arch.lifecycle.x:
    android.arch.lifecycle.ViewModelStore getViewModelStore() -> b_
android.support.annotation.Keep -> android.support.annotation.Keep:
android.support.compat.R$styleable -> android.support.a.a:
    int[] FontFamily -> a
    int FontFamily_fontProviderAuthority -> b
    int FontFamily_fontProviderCerts -> c
    int FontFamily_fontProviderFetchStrategy -> d
    int FontFamily_fontProviderFetchTimeout -> e
    int FontFamily_fontProviderPackage -> f
    int FontFamily_fontProviderQuery -> g
    int[] FontFamilyFont -> h
    int FontFamilyFont_android_font -> i
    int FontFamilyFont_android_fontWeight -> j
    int FontFamilyFont_android_fontStyle -> k
    int FontFamilyFont_android_ttcIndex -> l
    int FontFamilyFont_android_fontVariationSettings -> m
    int FontFamilyFont_font -> n
    int FontFamilyFont_fontStyle -> o
    int FontFamilyFont_fontVariationSettings -> p
    int FontFamilyFont_fontWeight -> q
    int FontFamilyFont_ttcIndex -> r
    void <clinit>() -> <clinit>