app/build/outputs/mapping/debug/usage.txt
aditya.rupal.translate.orcandtext.BuildConfig
aditya.rupal.translate.orcandtext.DrawerActivity:
    java.io.File file
aditya.rupal.translate.orcandtext.R
aditya.rupal.translate.orcandtext.R$anim
aditya.rupal.translate.orcandtext.R$animator
aditya.rupal.translate.orcandtext.R$attr
aditya.rupal.translate.orcandtext.R$bool
aditya.rupal.translate.orcandtext.R$color
aditya.rupal.translate.orcandtext.R$dimen
aditya.rupal.translate.orcandtext.R$drawable
aditya.rupal.translate.orcandtext.R$id
aditya.rupal.translate.orcandtext.R$integer
aditya.rupal.translate.orcandtext.R$interpolator
aditya.rupal.translate.orcandtext.R$layout
aditya.rupal.translate.orcandtext.R$menu
aditya.rupal.translate.orcandtext.R$mipmap
aditya.rupal.translate.orcandtext.R$string
aditya.rupal.translate.orcandtext.R$style
aditya.rupal.translate.orcandtext.R$styleable
aditya.rupal.translate.orcandtext.data.TranslationData:
    13:13:public java.lang.String getOriginal()
    17:18:public void setOriginal(java.lang.String)
    21:21:public java.lang.String getTranslation()
    25:26:public void setTranslation(java.lang.String)
aditya.rupal.translate.orcandtext.utils.ImageUtils:
    51:76:public ImageUtils(android.app.Activity,android.support.v4.app.Fragment,boolean)
    87:87:public java.lang.String getfilename_from_path(java.lang.String)
    101:104:public android.net.Uri getImageUri(android.content.Context,android.graphics.Bitmap)
    138:143:public android.graphics.Bitmap StringToBitMap(java.lang.String)
    156:160:public java.lang.String BitMapToString(android.graphics.Bitmap)
    688:699:public android.graphics.Bitmap getImage_FromUri(android.net.Uri,float,float)
    709:722:public java.lang.String getFileName_from_Uri(android.net.Uri)
    738:752:public boolean checkimage(java.lang.String,java.lang.String)
    768:781:public android.graphics.Bitmap getImage(java.lang.String,java.lang.String)
aditya.rupal.translate.orcandtext.utils.TypefaceHelper:
    11:11:public TypefaceHelper()
aditya.rupal.translate.orcandtext.utils.TypefaceUtil:
    9:9:public TypefaceUtil()
aditya.rupal.translate.orcandtext.views.SansFontCollapsingToolbarLayout:
    39:40:public void setTitle(int)
...
android.support.v4.os.ParcelCompat
android.support.v4.os.ParcelableCompat
android.support.v4.os.ParcelableCompat$ParcelableCompatCreatorHoneycombMR2
android.support.v4.os.ParcelableCompatCreatorCallbacks
android.support.v4.os.ResultReceiver:
    81:84:public ResultReceiver(android.os.Handler)
    94:109:public void send(int,android.os.Bundle)
android.support.v4.os.TraceCompat:
    62:62:private TraceCompat()
android.support.v4.os.UserManagerCompat
android.support.v4.print.PrintHelper
android.support.v4.print.PrintHelper$1
android.support.v4.print.PrintHelper$OnPrintFinishCallback
android.support.v4.print.PrintHelper$PrintBitmapAdapter
android.support.v4.print.PrintHelper$PrintUriAdapter
android.support.v4.print.PrintHelper$PrintUriAdapter$1
android.support.v4.print.PrintHelper$PrintUriAdapter$1$1
android.support.v4.provider.DocumentFile
android.support.v4.provider.DocumentsContractApi19
android.support.v4.provider.FontRequest:
    78:87:public FontRequest(java.lang.String,java.lang.String,java.lang.String,int)
android.support.v4.provider.FontsContractCompat:
    private static final java.lang.String TAG
    public static final java.lang.String PARCEL_FONT_RESULTS
    static final int RESULT_CODE_PROVIDER_NOT_FOUND
    static final int RESULT_CODE_WRONG_CERTIFICATES
    private static final int BACKGROUND_THREAD_KEEP_ALIVE_DURATION_MS
    75:75:private FontsContractCompat()
    225:226:public static void resetCache()
    532:645:public static void requestFont(android.content.Context,android.support.v4.provider.FontRequest,android.support.v4.provider.FontsContractCompat$FontRequestCallback,android.os.Handler)
    662:662:public static android.graphics.Typeface buildTypeface(android.content.Context,android.os.CancellationSignal,android.support.v4.provider.FontsContractCompat$FontInfo[])
android.support.v4.provider.FontsContractCompat$4
android.support.v4.provider.FontsContractCompat$4$1
android.support.v4.provider.FontsContractCompat$4$2
android.support.v4.provider.FontsContractCompat$4$3
android.support.v4.provider.FontsContractCompat$4$4
android.support.v4.provider.FontsContractCompat$4$5
android.support.v4.provider.FontsContractCompat$4$6
android.support.v4.provider.FontsContractCompat$4$7
android.support.v4.provider.FontsContractCompat$4$8
android.support.v4.provider.FontsContractCompat$4$9
android.support.v4.provider.FontsContractCompat$Columns
android.support.v4.provider.FontsContractCompat$FontFamilyResult:
    public static final int STATUS_OK
    public static final int STATUS_WRONG_CERTIFICATES
    public static final int STATUS_UNEXPECTED_DATA_PROVIDED
android.support.v4.provider.FontsContractCompat$FontRequestCallback
android.support.v4.provider.FontsContractCompat$FontRequestCallback$FontRequestFailReason
android.support.v4.provider.RawDocumentFile
android.support.v4.provider.SelfDestructiveThread:
    private static final int MSG_INVOKE_RUNNABLE
    private static final int MSG_DESTRUCTION
    91:93:public boolean isRunning()
    101:103:public int getGeneration()
android.support.v4.provider.SingleDocumentFile
android.support.v4.provider.TreeDocumentFile
android.support.v4.text.BidiFormatter
android.support.v4.text.BidiFormatter$Builder
android.support.v4.text.BidiFormatter$DirectionalityEstimator
android.support.v4.text.HtmlCompat
android.support.v4.text.ICUCompat:
    private static final java.lang.String TAG
    142:142:private ICUCompat()